TN:
SF:src/use-cases/submit-feedback-use-cases.ts
FN:13,SubmitFeedbackUseCase
FN:20,execute
FNF:2
FNH:2
FNDA:1,SubmitFeedbackUseCase
FNDA:4,execute
DA:1,1
DA:2,1
DA:3,1
DA:4,1
DA:5,1
DA:6,1
DA:7,1
DA:8,1
DA:9,1
DA:10,1
DA:11,1
DA:12,1
DA:13,1
DA:14,1
DA:15,1
DA:16,1
DA:17,1
DA:18,1
DA:19,1
DA:20,1
DA:21,4
DA:22,4
DA:23,4
DA:24,1
DA:25,1
DA:26,4
DA:27,1
DA:28,1
DA:29,2
DA:30,4
DA:31,1
DA:32,1
DA:33,1
DA:34,1
DA:35,1
DA:36,1
DA:37,1
DA:38,1
DA:39,1
DA:40,1
DA:41,1
LF:41
LH:41
BRDA:13,0,0,1
BRDA:20,1,0,4
BRDA:23,2,0,1
BRDA:26,3,0,3
BRDA:26,4,0,1
BRDA:29,5,0,2
BRDA:30,6,0,1
BRF:7
BRH:7
end_of_record
